[debug] [2022-06-11T05:02:24.969Z] ----------------------------------------------------------------------
[debug] [2022-06-11T05:02:24.970Z] Command:       /usr/local/bin/node /usr/local/bin/firebase init hosting:github
[debug] [2022-06-11T05:02:24.970Z] CLI Version:   11.0.1
[debug] [2022-06-11T05:02:24.970Z] Platform:      darwin
[debug] [2022-06-11T05:02:24.971Z] Node Version:  v16.13.0
[debug] [2022-06-11T05:02:24.974Z] Time:          Sat Jun 11 2022 12:02:24 GMT+0700 (Western Indonesia Time)
[debug] [2022-06-11T05:02:24.974Z] ----------------------------------------------------------------------
[debug] 
[debug] [2022-06-11T05:02:25.019Z] > command requires scopes: ["email","openid","https://www.googleapis.com/auth/cloudplatformprojects.readonly","https://www.googleapis.com/auth/firebase","https://www.googleapis.com/auth/cloud-platform"]
[debug] [2022-06-11T05:02:25.019Z] > authorizing via signed-in user (social.jeykurniawan@gmail.com)
[info] 
     ######## #### ########  ######## ########     ###     ######  ########
     ##        ##  ##     ## ##       ##     ##  ##   ##  ##       ##
     ######    ##  ########  ######   ########  #########  ######  ######
     ##        ##  ##    ##  ##       ##     ## ##     ##       ## ##
     ##       #### ##     ## ######## ########  ##     ##  ######  ########

You're about to initialize a Firebase project in this directory:

  /Users/jeykurniawan/Library/Mobile Documents/com~apple~CloudDocs/Development/netflix-clone

Before we get started, keep in mind:

  * You are initializing within an existing Firebase project directory

[info] 
=== Project Setup
[info] 
[info] First, let's associate this project directory with a Firebase project.
[info] You can create multiple project aliases by running firebase use --add, 
[info] but for now we'll just set up a default project.
[info] 
[debug] [2022-06-11T05:02:25.021Z] Using project from CLI flag: netflix-clone-c0409
[debug] [2022-06-11T05:02:25.022Z] >>> [apiv2][query] GET https://firebase.googleapis.com/v1beta1/projects/netflix-clone-c0409 [none]
[debug] [2022-06-11T05:02:25.411Z] <<< [apiv2][status] GET https://firebase.googleapis.com/v1beta1/projects/netflix-clone-c0409 200
[debug] [2022-06-11T05:02:25.411Z] <<< [apiv2][body] GET https://firebase.googleapis.com/v1beta1/projects/netflix-clone-c0409 {"projectId":"netflix-clone-c0409","projectNumber":"306249022367","displayName":"jeyflix","name":"projects/netflix-clone-c0409","resources":{"hostingSite":"netflix-clone-c0409"},"state":"ACTIVE"}
[info] i  Using project netflix-clone-c0409 (jeyflix) 
[info] 
=== Hosting:github Setup
[info] 
[info] i  Detected a .git folder at /Users/jeykurniawan/Library/Mobile Documents/com~apple~CloudDocs/Development/netflix-clone 
[info] i  Authorizing with GitHub to upload your service account to a GitHub repository's secrets store. 
[info] 
[info] Visit this URL on this device to log in:
[info] https://github.com/login/oauth/authorize?client_id=89cf50f02ac6aaed3484&state=471985612&redirect_uri=http%3A%2F%2Flocalhost%3A9005&scope=read%3Auser%20repo%20public_repo
[info] 
[info] Waiting for authentication...
[debug] [2022-06-11T05:02:26.032Z] >>> HTTP REQUEST POST https://github.com/login/oauth/access_token  
 {"client_id":"89cf50f02ac6aaed3484","client_secret":"3330d14abc895d9a74d5f17cd7a00711fa2c5bf0","code":"1652c458d16e0b7bb4f6","redirect_uri":"http://localhost:9005","state":"471985612"}
[debug] [2022-06-11T05:02:26.461Z] <<< HTTP RESPONSE 200 {"server":"GitHub.com","date":"Sat, 11 Jun 2022 05:02:26 GMT","content-type":"application/json; charset=utf-8","transfer-encoding":"chunked","vary":"X-PJAX, X-PJAX-Container, Turbo-Visit, Turbo-Frame, Accept-Encoding, Accept, X-Requested-With","permissions-policy":"interest-cohort=()","etag":"W/\"67ee4f4e233841c567ebc40eba1fd689\"","cache-control":"max-age=0, private, must-revalidate","strict-transport-security":"max-age=31536000; includeSubdomains; preload","x-frame-options":"deny","x-content-type-options":"nosniff","x-xss-protection":"0","referrer-policy":"origin-when-cross-origin, strict-origin-when-cross-origin","expect-ct":"max-age=2592000, report-uri=\"https://api.github.com/_private/browser/errors\"","content-security-policy":"default-src 'none'; base-uri 'self'; block-all-mixed-content; child-src github.com/assets-cdn/worker/ gist.github.com/assets-cdn/worker/; connect-src 'self' uploads.github.com objects-origin.githubusercontent.com www.githubstatus.com collector.github.com raw.githubusercontent.com api.github.com github-cloud.s3.amazonaws.com github-production-repository-file-5c1aeb.s3.amazonaws.com github-production-upload-manifest-file-7fdce7.s3.amazonaws.com github-production-user-asset-6210df.s3.amazonaws.com cdn.optimizely.com logx.optimizely.com/v1/events *.actions.githubusercontent.com wss://*.actions.githubusercontent.com online.visualstudio.com/api/v1/locations github-production-repository-image-32fea6.s3.amazonaws.com github-production-release-asset-2e65be.s3.amazonaws.com insights.github.com wss://alive.github.com; font-src github.githubassets.com; form-action 'self' github.com gist.github.com objects-origin.githubusercontent.com; frame-ancestors 'none'; frame-src render.githubusercontent.com viewscreen.githubusercontent.com notebooks.githubusercontent.com; img-src 'self' data: github.githubassets.com identicons.github.com github-cloud.s3.amazonaws.com secured-user-images.githubusercontent.com/ github-production-user-asset-6210df.s3.amazonaws.com *.githubusercontent.com; manifest-src 'self'; media-src github.com user-images.githubusercontent.com/; script-src github.githubassets.com; style-src 'unsafe-inline' github.githubassets.com; worker-src github.com/assets-cdn/worker/ gist.github.com/assets-cdn/worker/","x-github-request-id":"D6EE:6F10:A7DC54:BC9087:62A421E2"}
[debug] [2022-06-11T05:02:26.471Z] >>> [apiv2][query] GET https://api.github.com/user [none]
[debug] [2022-06-11T05:02:26.881Z] <<< [apiv2][status] GET https://api.github.com/user 200
[debug] [2022-06-11T05:02:26.881Z] <<< [apiv2][body] GET https://api.github.com/user {"login":"jeyhunt","id":93639810,"node_id":"U_kgDOBZTUgg","avatar_url":"https://avatars.githubusercontent.com/u/93639810?v=4","gravatar_id":"","url":"https://api.github.com/users/jeyhunt","html_url":"https://github.com/jeyhunt","followers_url":"https://api.github.com/users/jeyhunt/followers","following_url":"https://api.github.com/users/jeyhunt/following{/other_user}","gists_url":"https://api.github.com/users/jeyhunt/gists{/gist_id}","starred_url":"https://api.github.com/users/jeyhunt/starred{/owner}{/repo}","subscriptions_url":"https://api.github.com/users/jeyhunt/subscriptions","organizations_url":"https://api.github.com/users/jeyhunt/orgs","repos_url":"https://api.github.com/users/jeyhunt/repos","events_url":"https://api.github.com/users/jeyhunt/events{/privacy}","received_events_url":"https://api.github.com/users/jeyhunt/received_events","type":"User","site_admin":false,"name":"Jeyhan Kurniawan","company":null,"blog":"","location":null,"email":null,"hireable":null,"bio":null,"twitter_username":null,"public_repos":4,"public_gists":0,"followers":3,"following":4,"created_at":"2021-11-03T06:44:14Z","updated_at":"2022-05-20T15:01:16Z","private_gists":0,"total_private_repos":3,"owned_private_repos":3,"disk_usage":1020,"collaborators":0,"two_factor_authentication":false,"plan":{"name":"free","space":976562499,"collaborators":0,"private_repos":10000}}
[info] 
[info] ✔  Success! Logged into GitHub as jeyhunt 
[info] 
